TN:
SF:src/amm/AMMFactory.sol
DA:18,6
FN:18,AMMFactory.createPair
FNDA:6,AMMFactory.createPair
DA:19,6
BRDA:19,0,0,1
DA:20,1
DA:23,5
BRDA:23,1,0,-
DA:24,0
DA:27,5
DA:29,5
BRDA:29,2,0,1
DA:30,1
DA:35,4
DA:39,4
DA:41,4
DA:43,4
DA:45,4
DA:46,4
DA:48,4
DA:50,4
DA:53,1
FN:53,AMMFactory.allPairsLength
FNDA:1,AMMFactory.allPairsLength
DA:54,1
DA:57,1
FN:57,AMMFactory.predictPairAddress
FNDA:1,AMMFactory.predictPairAddress
DA:58,1
DA:60,1
FNF:3
FNH:3
LF:21
LH:20
BRF:3
BRH:2
end_of_record
TN:
SF:src/amm/AMMPair.sol
DA:29,20
FN:29,AMMPair.constructor
FNDA:20,AMMPair.constructor
DA:30,20
DA:31,20
DA:33,20
DA:36,1
FN:36,AMMPair.getReserves
FNDA:1,AMMPair.getReserves
DA:37,1
DA:40,14647
FN:40,AMMPair.addLiquidity
FNDA:14647,AMMPair.addLiquidity
DA:41,14647
BRDA:41,0,0,301
BRDA:41,0,1,14346
DA:43,14346
DA:45,528
DA:47,528
BRDA:47,1,0,525
BRDA:47,1,1,2
DA:48,525
DA:50,3
DA:52,3
DA:54,3
DA:57,528
BRDA:57,2,0,-
DA:58,0
DA:61,528
DA:62,528
DA:64,528
DA:67,14164
FN:67,AMMPair.removeLiquidity
FNDA:14164,AMMPair.removeLiquidity
DA:73,14164
DA:75,14164
DA:77,10800
DA:79,10800
BRDA:79,3,0,179
DA:80,179
DA:83,10621
DA:85,2
DA:86,2
DA:88,2
DA:89,2
DA:92,14472
FN:92,AMMPair.swap
FNDA:14472,AMMPair.swap
DA:98,14472
BRDA:98,4,0,14209
DA:99,14209
DA:102,263
DA:104,263
DA:105,263
DA:107,263
DA:109,261
DA:111,261
DA:113,260
BRDA:113,5,0,-
DA:114,0
DA:117,260
BRDA:117,6,0,260
BRDA:117,6,1,-
DA:118,260
DA:119,260
DA:121,0
DA:122,0
DA:125,260
DA:128,525
FN:128,AMMPair._sqrt
FNDA:525,AMMPair._sqrt
DA:129,525
BRDA:129,7,0,525
BRDA:129,7,1,-
DA:130,525
DA:131,525
DA:133,39501
DA:134,38976
DA:135,38976
DA:137,0
BRDA:137,8,0,-
DA:138,0
FNF:6
FNH:6
LF:57
LH:51
BRF:13
BRH:8
end_of_record
TN:
SF:src/governance/ProtocolGovernor.sol
DA:42,6
FN:42,ProtocolGovernor.votingDelay
FNDA:6,ProtocolGovernor.votingDelay
DA:43,14
DA:46,4
FN:46,ProtocolGovernor.votingPeriod
FNDA:4,ProtocolGovernor.votingPeriod
DA:47,12
DA:50,2
FN:50,ProtocolGovernor.quorum
FNDA:2,ProtocolGovernor.quorum
DA:51,5
DA:54,2
FN:54,ProtocolGovernor.proposalThreshold
FNDA:2,ProtocolGovernor.proposalThreshold
DA:55,11
DA:58,4
FN:58,ProtocolGovernor.state
FNDA:4,ProtocolGovernor.state
DA:59,10
DA:62,1
FN:62,ProtocolGovernor.proposalNeedsQueuing
FNDA:1,ProtocolGovernor.proposalNeedsQueuing
DA:68,1
DA:71,1
FN:71,ProtocolGovernor._queueOperations
FNDA:1,ProtocolGovernor._queueOperations
DA:78,1
DA:81,0
FN:81,ProtocolGovernor._executeOperations
FNDA:0,ProtocolGovernor._executeOperations
DA:88,0
DA:91,0
FN:91,ProtocolGovernor._cancel
FNDA:0,ProtocolGovernor._cancel
DA:97,0
DA:100,0
FN:100,ProtocolGovernor._executor
FNDA:0,ProtocolGovernor._executor
DA:101,0
FNF:10
FNH:7
LF:20
LH:14
BRF:0
BRH:0
end_of_record
TN:
SF:src/governance/Treasury.sol
DA:20,37159
FN:20,Treasury.transferFunds
FNDA:37159,Treasury.transferFunds
DA:21,260
BRDA:21,0,0,1
DA:22,1
DA:25,259
BRDA:25,1,0,1
DA:26,1
DA:29,258
DA:31,258
DA:34,1
FN:34,Treasury.getBalance
FNDA:1,Treasury.getBalance
DA:35,1
FNF:2
FNH:2
LF:9
LH:9
BRF:2
BRH:2
end_of_record
TN:
SF:src/oracle/ChainlinkOracle.sol
DA:19,3
FN:19,ChainlinkOracle.constructor
FNDA:3,ChainlinkOracle.constructor
DA:20,3
DA:23,1
FN:23,ChainlinkOracle.getLatestPrice
FNDA:1,ChainlinkOracle.getLatestPrice
DA:24,1
DA:26,1
BRDA:26,0,0,-
DA:27,0
DA:30,1
BRDA:30,1,0,-
DA:31,0
DA:34,1
FNF:2
FNH:2
LF:9
LH:7
BRF:2
BRH:0
end_of_record
TN:
SF:src/token/GovernanceToken.sol
DA:9,45
FN:9,GovernanceToken.constructor
FNDA:45,GovernanceToken.constructor
DA:14,45
DA:17,28803
FN:17,GovernanceToken.mint
FNDA:28803,GovernanceToken.mint
DA:18,321
DA:23,29896
FN:23,GovernanceToken._update
FNDA:29896,GovernanceToken._update
DA:24,29896
DA:27,1
FN:27,GovernanceToken.nonces
FNDA:1,GovernanceToken.nonces
DA:28,1
FNF:4
FNH:4
LF:8
LH:8
BRF:0
BRH:0
end_of_record
TN:
SF:src/token/LPToken.sol
DA:10,15130
FN:10,LPToken.mint
FNDA:15130,LPToken.mint
DA:11,530
DA:14,24585
FN:14,LPToken.burn
FNDA:24585,LPToken.burn
DA:15,10555
FNF:2
FNH:2
LF:4
LH:4
BRF:0
BRH:0
end_of_record
TN:
SF:src/vault/YieldVault.sol
DA:19,31
FN:19,YieldVault.constructor
FNDA:31,YieldVault.constructor
DA:20,31
DA:23,27
FN:23,YieldVault.initialize
FNDA:27,YieldVault.initialize
DA:24,27
BRDA:24,0,0,1
DA:25,1
DA:28,26
DA:30,26
DA:32,26
DA:35,0
FN:35,YieldVault._authorizeUpgrade
FNDA:0,YieldVault._authorizeUpgrade
DA:37,3
FN:37,YieldVault.totalAssets
FNDA:3,YieldVault.totalAssets
DA:38,1059
DA:41,1
FN:41,YieldVault.decimals
FNDA:1,YieldVault.decimals
DA:42,1
FNF:5
FNH:4
LF:13
LH:12
BRF:1
BRH:1
end_of_record
